<?xml version="1.0" encoding="UTF-8"?>
<testsuite xmlns:xsi="http://www.w3.org/2001/XMLSchema-instance" xsi:noNamespaceSchemaLocation="https://maven.apache.org/surefire/maven-surefire-plugin/xsd/surefire-test-report.xsd" name="Is it Friday yet?" time="0.027" tests="3" errors="0" skipped="0" failures="0">
  <properties>
[...]
</properties>
  <testcase name="Today is or is not Friday #1" classname="Is it Friday yet?" time="0.018"/>
  <testcase name="Today is or is not Friday #2" classname="Is it Friday yet?" time="0.004"/>
  <testcase name="Today is or is not Friday #3" classname="Is it Friday yet?" time="0.005"/>
</testsuite>